<?xml version="1.0" encoding="UTF-8"?>
<!-- Generated by org.testng.reporters.JUnitXMLReporter -->
<testsuite ignored="0" hostname="LAPTOP-1ATVOVSF" failures="0" tests="4" name="Default test" time="41.358" errors="0" timestamp="2021-07-05T17:09:46 IST">
  <testcase classname="com.amazon.qa.testcases.HomePageTest" name="verifyHomePageTitleTest" time="4.581"/>
  <testcase classname="com.amazon.qa.testcases.HomePageTest" name="verifyRecommendations" time="5.728"/>
  <testcase classname="com.amazon.qa.testcases.HomePageTest" name="verifyUserNameTest" time="2.51"/>
  <testcase classname="com.amazon.qa.testcases.HomePageTest" name="verifyCouponsLinkTest" time="6.501"/>
</testsuite> <!-- Default test -->
