<?xml version="1.0" encoding="UTF-8"?>
<testng-results ignored="0" total="4" passed="4" failed="0" skipped="0">
  <reporter-output>
  </reporter-output>
  <suite started-at="2021-07-05T17:09:05 IST" name="Default suite" finished-at="2021-07-05T17:09:46 IST" duration-ms="41358">
    <groups>
    </groups>
    <test started-at="2021-07-05T17:09:05 IST" name="Default test" finished-at="2021-07-05T17:09:46 IST" duration-ms="41358">
      <class name="com.amazon.qa.testcases.HomePageTest">
        <test-method is-config="true" signature="setUp()[pri:0, instance:com.amazon.qa.testcases.HomePageTest@10959ece]" started-at="2021-07-05T17:09:05 IST" name="setUp" finished-at="2021-07-05T17:09:11 IST" duration-ms="5998" status="PASS">
          <reporter-output>
          </reporter-output>
        </test-method> <!-- setUp -->
        <test-method signature="verifyHomePageTitleTest()[pri:1, instance:com.amazon.qa.testcases.HomePageTest@10959ece]" started-at="2021-07-05T17:09:11 IST" name="verifyHomePageTitleTest" finished-at="2021-07-05T17:09:15 IST" duration-ms="4581" status="PASS">
          <reporter-output>
          </reporter-output>
        </test-method> <!-- verifyHomePageTitleTest -->
        <test-method is-config="true" signature="tearDown()[pri:0, instance:com.amazon.qa.testcases.HomePageTest@10959ece]" started-at="2021-07-05T17:09:15 IST" name="tearDown" finished-at="2021-07-05T17:09:16 IST" duration-ms="349" status="PASS">
          <reporter-output>
          </reporter-output>
        </test-method> <!-- tearDown -->
        <test-method is-config="true" signature="setUp()[pri:0, instance:com.amazon.qa.testcases.HomePageTest@10959ece]" started-at="2021-07-05T17:09:16 IST" name="setUp" finished-at="2021-07-05T17:09:21 IST" duration-ms="5363" status="PASS">
          <reporter-output>
          </reporter-output>
        </test-method> <!-- setUp -->
        <test-method signature="verifyRecommendations()[pri:1, instance:com.amazon.qa.testcases.HomePageTest@10959ece]" started-at="2021-07-05T17:09:21 IST" name="verifyRecommendations" finished-at="2021-07-05T17:09:27 IST" duration-ms="5728" status="PASS">
          <reporter-output>
          </reporter-output>
        </test-method> <!-- verifyRecommendations -->
        <test-method is-config="true" signature="tearDown()[pri:0, instance:com.amazon.qa.testcases.HomePageTest@10959ece]" started-at="2021-07-05T17:09:27 IST" name="tearDown" finished-at="2021-07-05T17:09:27 IST" duration-ms="362" status="PASS">
          <reporter-output>
          </reporter-output>
        </test-method> <!-- tearDown -->
        <test-method is-config="true" signature="setUp()[pri:0, instance:com.amazon.qa.testcases.HomePageTest@10959ece]" started-at="2021-07-05T17:09:27 IST" name="setUp" finished-at="2021-07-05T17:09:32 IST" duration-ms="4454" status="PASS">
          <reporter-output>
          </reporter-output>
        </test-method> <!-- setUp -->
        <test-method signature="verifyUserNameTest()[pri:2, instance:com.amazon.qa.testcases.HomePageTest@10959ece]" started-at="2021-07-05T17:09:32 IST" name="verifyUserNameTest" finished-at="2021-07-05T17:09:34 IST" duration-ms="2510" status="PASS">
          <reporter-output>
          </reporter-output>
        </test-method> <!-- verifyUserNameTest -->
        <test-method is-config="true" signature="tearDown()[pri:0, instance:com.amazon.qa.testcases.HomePageTest@10959ece]" started-at="2021-07-05T17:09:34 IST" name="tearDown" finished-at="2021-07-05T17:09:34 IST" duration-ms="321" status="PASS">
          <reporter-output>
          </reporter-output>
        </test-method> <!-- tearDown -->
        <test-method is-config="true" signature="setUp()[pri:0, instance:com.amazon.qa.testcases.HomePageTest@10959ece]" started-at="2021-07-05T17:09:34 IST" name="setUp" finished-at="2021-07-05T17:09:39 IST" duration-ms="4821" status="PASS">
          <reporter-output>
          </reporter-output>
        </test-method> <!-- setUp -->
        <test-method signature="verifyCouponsLinkTest()[pri:3, instance:com.amazon.qa.testcases.HomePageTest@10959ece]" started-at="2021-07-05T17:09:39 IST" name="verifyCouponsLinkTest" finished-at="2021-07-05T17:09:46 IST" duration-ms="6501" status="PASS">
          <reporter-output>
          </reporter-output>
        </test-method> <!-- verifyCouponsLinkTest -->
        <test-method is-config="true" signature="tearDown()[pri:0, instance:com.amazon.qa.testcases.HomePageTest@10959ece]" started-at="2021-07-05T17:09:46 IST" name="tearDown" finished-at="2021-07-05T17:09:46 IST" duration-ms="335" status="PASS">
          <reporter-output>
          </reporter-output>
        </test-method> <!-- tearDown -->
      </class> <!-- com.amazon.qa.testcases.HomePageTest -->
    </test> <!-- Default test -->
  </suite> <!-- Default suite -->
</testng-results>
